[21:07:35] [ServerMain/INFO]: Environment: Environment[sessionHost=https://sessionserver.mojang.com, servicesHost=https://api.minecraftservices.com, name=PROD]
[21:07:36] [ServerMain/INFO]: Loaded 7 recipes
[21:07:38] [Server thread/INFO]: Starting minecraft server version 1.20.4
[21:07:38] [Server thread/INFO]: Loading properties
[21:07:39] [Server thread/INFO]: This server is running CraftBukkit version 4014-Spigot-864e4ac-771182f (MC: 1.20.4) (Implementing API version 1.20.4-R0.1-SNAPSHOT)
[21:07:39] [Server thread/INFO]: Debug logging is disabled
[21:07:39] [Server thread/INFO]: Server Ping Player Sample Count: 12
[21:07:39] [Server thread/INFO]: Using 4 threads for Netty based IO
[21:07:39] [Server thread/INFO]: Default game type: CREATIVE
[21:07:39] [Server thread/INFO]: Generating keypair
[21:07:39] [Server thread/INFO]: Starting Minecraft server on *:25565
[21:07:39] [Server thread/INFO]: Using default channel type
[21:07:40] [Server thread/ERROR]: Ambiguous plugin name `testPlugin' for files `plugins/testPlugin-1.0-SNAPSHOT.jar' and `plugins/original-testPlugin-1.0-SNAPSHOT.jar' in `plugins'
[21:07:40] [Server thread/INFO]: [WorldEdit] Loading WorldEdit v7.2.18+6616-abda4e0
[21:07:40] [Server thread/INFO]: Got request to register class com.sk89q.worldedit.bukkit.BukkitServerInterface with WorldEdit [com.sk89q.worldedit.extension.platform.PlatformManager@45d551b9]
[21:07:40] [Server thread/INFO]: [testPlugin] Loading testPlugin v1.0-SNAPSHOT
[21:07:40] [Server thread/INFO]: [WorldEdit] Enabling WorldEdit v7.2.18+6616-abda4e0
[21:07:40] [Server thread/INFO]: Registering commands with com.sk89q.worldedit.bukkit.BukkitServerInterface
[21:07:40] [Server thread/INFO]: WEPIF: Using the Bukkit Permissions API.
[21:07:40] [Server thread/INFO]: Using com.sk89q.worldedit.bukkit.adapter.impl.v1_20_R3.PaperweightAdapter as the Bukkit adapter
[21:07:41] [Server thread/INFO]: [WorldEdit] ====================================================
[21:07:41] [Server thread/INFO]: [WorldEdit]  WorldEdit works better if you use Paper 
[21:07:41] [Server thread/INFO]: [WorldEdit]  as your server software. 
[21:07:41] [Server thread/INFO]: [WorldEdit]   
[21:07:41] [Server thread/INFO]: [WorldEdit]  Paper offers significant performance improvements,
[21:07:41] [Server thread/INFO]: [WorldEdit]  bug fixes, security enhancements and optional
[21:07:41] [Server thread/INFO]: [WorldEdit]  features for server owners to enhance their server.
[21:07:41] [Server thread/INFO]: [WorldEdit]   
[21:07:41] [Server thread/INFO]: [WorldEdit]  Paper includes Timings v2, which is significantly
[21:07:41] [Server thread/INFO]: [WorldEdit]  better at diagnosing lag problems over v1.
[21:07:41] [Server thread/INFO]: [WorldEdit]   
[21:07:41] [Server thread/INFO]: [WorldEdit]  All of your plugins should still work, and the
[21:07:41] [Server thread/INFO]: [WorldEdit]  Paper community will gladly help you fix any issues.
[21:07:41] [Server thread/INFO]: [WorldEdit]   
[21:07:41] [Server thread/INFO]: [WorldEdit]  Join the Paper Community @ https://papermc.io
[21:07:41] [Server thread/INFO]: [WorldEdit] ====================================================
[21:07:41] [Server thread/INFO]: [testPlugin] Enabling testPlugin v1.0-SNAPSHOT
[21:07:41] [Server thread/INFO]: Preparing level "world"
[21:07:41] [Server thread/INFO]: -------- World Settings For [world] --------
[21:07:41] [Server thread/INFO]: Tile Max Tick Time: 50ms Entity max Tick Time: 50ms
[21:07:41] [Server thread/INFO]: Max TNT Explosions: 100
[21:07:41] [Server thread/INFO]: Entity Activation Range: An 32 / Mo 32 / Ra 48 / Mi 16 / Tiv true / Isa false
[21:07:41] [Server thread/INFO]: Entity Tracking Range: Pl 48 / An 48 / Mo 48 / Mi 32 / Di 128 / Other 64
[21:07:41] [Server thread/INFO]: Custom Map Seeds:  Village: 10387312 Desert: 14357617 Igloo: 14357618 Jungle: 14357619 Swamp: 14357620 Monument: 10387313 Ocean: 14357621 Shipwreck: 165745295 End City: 10387313 Slime: 987234911 Nether: 30084232 Mansion: 10387319 Fossil: 14357921 Portal: 34222645
[21:07:41] [Server thread/INFO]: Cactus Growth Modifier: 100%
[21:07:41] [Server thread/INFO]: Cane Growth Modifier: 100%
[21:07:41] [Server thread/INFO]: Melon Growth Modifier: 100%
[21:07:41] [Server thread/INFO]: Mushroom Growth Modifier: 100%
[21:07:41] [Server thread/INFO]: Pumpkin Growth Modifier: 100%
[21:07:41] [Server thread/INFO]: Sapling Growth Modifier: 100%
[21:07:41] [Server thread/INFO]: Beetroot Growth Modifier: 100%
[21:07:41] [Server thread/INFO]: Carrot Growth Modifier: 100%
[21:07:41] [Server thread/INFO]: Potato Growth Modifier: 100%
[21:07:41] [Server thread/INFO]: Wheat Growth Modifier: 100%
[21:07:41] [Server thread/INFO]: NetherWart Growth Modifier: 100%
[21:07:41] [Server thread/INFO]: Vine Growth Modifier: 100%
[21:07:41] [Server thread/INFO]: Cocoa Growth Modifier: 100%
[21:07:41] [Server thread/INFO]: Bamboo Growth Modifier: 100%
[21:07:41] [Server thread/INFO]: SweetBerry Growth Modifier: 100%
[21:07:41] [Server thread/INFO]: Kelp Growth Modifier: 100%
[21:07:41] [Server thread/INFO]: TwistingVines Growth Modifier: 100%
[21:07:41] [Server thread/INFO]: WeepingVines Growth Modifier: 100%
[21:07:41] [Server thread/INFO]: CaveVines Growth Modifier: 100%
[21:07:41] [Server thread/INFO]: Mob Spawn Range: 6
[21:07:41] [Server thread/INFO]: Item Merge Radius: 2.5
[21:07:41] [Server thread/INFO]: Item Despawn Rate: 6000
[21:07:41] [Server thread/INFO]: View Distance: 32
[21:07:41] [Server thread/INFO]: Simulation Distance: 10
[21:07:41] [Server thread/INFO]: Nerfing mobs spawned from spawners: false
[21:07:41] [Server thread/INFO]: Arrow Despawn Rate: 1200 Trident Respawn Rate:1200
[21:07:41] [Server thread/INFO]: Zombie Aggressive Towards Villager: true
[21:07:41] [Server thread/INFO]: Allow Zombie Pigmen to spawn from portal blocks: true
[21:07:41] [Server thread/INFO]: Experience Merge Radius: 3.0
[21:07:41] [Server thread/INFO]: Hopper Transfer: 8 Hopper Check: 1 Hopper Amount: 1 Hopper Can Load Chunks: false
[21:07:42] [Server thread/INFO]: -------- World Settings For [world_nether] --------
[21:07:42] [Server thread/INFO]: Tile Max Tick Time: 50ms Entity max Tick Time: 50ms
[21:07:42] [Server thread/INFO]: Max TNT Explosions: 100
[21:07:42] [Server thread/INFO]: Entity Activation Range: An 32 / Mo 32 / Ra 48 / Mi 16 / Tiv true / Isa false
[21:07:42] [Server thread/INFO]: Entity Tracking Range: Pl 48 / An 48 / Mo 48 / Mi 32 / Di 128 / Other 64
[21:07:42] [Server thread/INFO]: Custom Map Seeds:  Village: 10387312 Desert: 14357617 Igloo: 14357618 Jungle: 14357619 Swamp: 14357620 Monument: 10387313 Ocean: 14357621 Shipwreck: 165745295 End City: 10387313 Slime: 987234911 Nether: 30084232 Mansion: 10387319 Fossil: 14357921 Portal: 34222645
[21:07:42] [Server thread/INFO]: Cactus Growth Modifier: 100%
[21:07:42] [Server thread/INFO]: Cane Growth Modifier: 100%
[21:07:42] [Server thread/INFO]: Melon Growth Modifier: 100%
[21:07:42] [Server thread/INFO]: Mushroom Growth Modifier: 100%
[21:07:42] [Server thread/INFO]: Pumpkin Growth Modifier: 100%
[21:07:42] [Server thread/INFO]: Sapling Growth Modifier: 100%
[21:07:42] [Server thread/INFO]: Beetroot Growth Modifier: 100%
[21:07:42] [Server thread/INFO]: Carrot Growth Modifier: 100%
[21:07:42] [Server thread/INFO]: Potato Growth Modifier: 100%
[21:07:42] [Server thread/INFO]: Wheat Growth Modifier: 100%
[21:07:42] [Server thread/INFO]: NetherWart Growth Modifier: 100%
[21:07:42] [Server thread/INFO]: Vine Growth Modifier: 100%
[21:07:42] [Server thread/INFO]: Cocoa Growth Modifier: 100%
[21:07:42] [Server thread/INFO]: Bamboo Growth Modifier: 100%
[21:07:42] [Server thread/INFO]: SweetBerry Growth Modifier: 100%
[21:07:42] [Server thread/INFO]: Kelp Growth Modifier: 100%
[21:07:42] [Server thread/INFO]: TwistingVines Growth Modifier: 100%
[21:07:42] [Server thread/INFO]: WeepingVines Growth Modifier: 100%
[21:07:42] [Server thread/INFO]: CaveVines Growth Modifier: 100%
[21:07:42] [Server thread/INFO]: Mob Spawn Range: 6
[21:07:42] [Server thread/INFO]: Item Merge Radius: 2.5
[21:07:42] [Server thread/INFO]: Item Despawn Rate: 6000
[21:07:42] [Server thread/INFO]: View Distance: 32
[21:07:42] [Server thread/INFO]: Simulation Distance: 10
[21:07:42] [Server thread/INFO]: Nerfing mobs spawned from spawners: false
[21:07:42] [Server thread/INFO]: Arrow Despawn Rate: 1200 Trident Respawn Rate:1200
[21:07:42] [Server thread/INFO]: Zombie Aggressive Towards Villager: true
[21:07:42] [Server thread/INFO]: Allow Zombie Pigmen to spawn from portal blocks: true
[21:07:42] [Server thread/INFO]: Experience Merge Radius: 3.0
[21:07:42] [Server thread/INFO]: Hopper Transfer: 8 Hopper Check: 1 Hopper Amount: 1 Hopper Can Load Chunks: false
[21:07:45] [Server thread/INFO]: -------- World Settings For [world_the_end] --------
[21:07:45] [Server thread/INFO]: Tile Max Tick Time: 50ms Entity max Tick Time: 50ms
[21:07:45] [Server thread/INFO]: Max TNT Explosions: 100
[21:07:45] [Server thread/INFO]: Entity Activation Range: An 32 / Mo 32 / Ra 48 / Mi 16 / Tiv true / Isa false
[21:07:45] [Server thread/INFO]: Entity Tracking Range: Pl 48 / An 48 / Mo 48 / Mi 32 / Di 128 / Other 64
[21:07:45] [Server thread/INFO]: Custom Map Seeds:  Village: 10387312 Desert: 14357617 Igloo: 14357618 Jungle: 14357619 Swamp: 14357620 Monument: 10387313 Ocean: 14357621 Shipwreck: 165745295 End City: 10387313 Slime: 987234911 Nether: 30084232 Mansion: 10387319 Fossil: 14357921 Portal: 34222645
[21:07:45] [Server thread/INFO]: Cactus Growth Modifier: 100%
[21:07:45] [Server thread/INFO]: Cane Growth Modifier: 100%
[21:07:45] [Server thread/INFO]: Melon Growth Modifier: 100%
[21:07:45] [Server thread/INFO]: Mushroom Growth Modifier: 100%
[21:07:45] [Server thread/INFO]: Pumpkin Growth Modifier: 100%
[21:07:45] [Server thread/INFO]: Sapling Growth Modifier: 100%
[21:07:45] [Server thread/INFO]: Beetroot Growth Modifier: 100%
[21:07:45] [Server thread/INFO]: Carrot Growth Modifier: 100%
[21:07:45] [Server thread/INFO]: Potato Growth Modifier: 100%
[21:07:45] [Server thread/INFO]: Wheat Growth Modifier: 100%
[21:07:45] [Server thread/INFO]: NetherWart Growth Modifier: 100%
[21:07:45] [Server thread/INFO]: Vine Growth Modifier: 100%
[21:07:45] [Server thread/INFO]: Cocoa Growth Modifier: 100%
[21:07:45] [Server thread/INFO]: Bamboo Growth Modifier: 100%
[21:07:45] [Server thread/INFO]: SweetBerry Growth Modifier: 100%
[21:07:45] [Server thread/INFO]: Kelp Growth Modifier: 100%
[21:07:45] [Server thread/INFO]: TwistingVines Growth Modifier: 100%
[21:07:45] [Server thread/INFO]: WeepingVines Growth Modifier: 100%
[21:07:45] [Server thread/INFO]: CaveVines Growth Modifier: 100%
[21:07:45] [Server thread/INFO]: Mob Spawn Range: 6
[21:07:45] [Server thread/INFO]: Item Merge Radius: 2.5
[21:07:45] [Server thread/INFO]: Item Despawn Rate: 6000
[21:07:45] [Server thread/INFO]: View Distance: 32
[21:07:45] [Server thread/INFO]: Simulation Distance: 10
[21:07:45] [Server thread/INFO]: Nerfing mobs spawned from spawners: false
[21:07:45] [Server thread/INFO]: Arrow Despawn Rate: 1200 Trident Respawn Rate:1200
[21:07:45] [Server thread/INFO]: Zombie Aggressive Towards Villager: true
[21:07:45] [Server thread/INFO]: Allow Zombie Pigmen to spawn from portal blocks: true
[21:07:45] [Server thread/INFO]: Experience Merge Radius: 3.0
[21:07:45] [Server thread/INFO]: Hopper Transfer: 8 Hopper Check: 1 Hopper Amount: 1 Hopper Can Load Chunks: false
[21:07:45] [Server thread/INFO]: Preparing start region for dimension minecraft:overworld
[21:07:49] [Worker-Main-4/INFO]: Preparing spawn area: 0%
[21:07:49] [Worker-Main-4/INFO]: Preparing spawn area: 0%
[21:07:49] [Worker-Main-4/INFO]: Preparing spawn area: 0%
[21:07:49] [Worker-Main-4/INFO]: Preparing spawn area: 0%
[21:07:49] [Worker-Main-4/INFO]: Preparing spawn area: 0%
[21:08:02] [Worker-Main-4/INFO]: Preparing spawn area: 0%
[21:08:02] [Worker-Main-4/INFO]: Preparing spawn area: 0%
[21:08:02] [Worker-Main-4/INFO]: Preparing spawn area: 0%
[21:08:02] [Worker-Main-4/INFO]: Preparing spawn area: 0%
[21:08:02] [Worker-Main-4/INFO]: Preparing spawn area: 0%
[21:08:02] [Worker-Main-4/INFO]: Preparing spawn area: 0%
[21:08:02] [Worker-Main-4/INFO]: Preparing spawn area: 0%
[21:08:02] [Worker-Main-4/INFO]: Preparing spawn area: 0%
[21:08:02] [Worker-Main-4/INFO]: Preparing spawn area: 0%
[21:08:02] [Worker-Main-4/INFO]: Preparing spawn area: 0%
[21:08:02] [Worker-Main-4/INFO]: Preparing spawn area: 0%
[21:08:02] [Worker-Main-4/INFO]: Preparing spawn area: 0%
[21:08:02] [Worker-Main-4/INFO]: Preparing spawn area: 0%
[21:08:02] [Worker-Main-4/INFO]: Preparing spawn area: 0%
[21:08:02] [Worker-Main-4/INFO]: Preparing spawn area: 0%
[21:08:02] [Worker-Main-4/INFO]: Preparing spawn area: 0%
[21:08:02] [Worker-Main-4/INFO]: Preparing spawn area: 0%
[21:08:02] [Worker-Main-4/INFO]: Preparing spawn area: 0%
[21:08:02] [Worker-Main-4/INFO]: Preparing spawn area: 0%
[21:08:02] [Worker-Main-4/INFO]: Preparing spawn area: 0%
[21:08:02] [Worker-Main-4/INFO]: Preparing spawn area: 0%
[21:08:02] [Worker-Main-4/INFO]: Preparing spawn area: 0%
[21:08:02] [Worker-Main-4/INFO]: Preparing spawn area: 0%
[21:08:02] [Worker-Main-4/INFO]: Preparing spawn area: 0%
[21:08:02] [Worker-Main-4/INFO]: Preparing spawn area: 0%
[21:08:02] [Worker-Main-4/INFO]: Preparing spawn area: 0%
[21:08:02] [Worker-Main-4/INFO]: Preparing spawn area: 0%
[21:08:02] [Worker-Main-4/INFO]: Preparing spawn area: 0%
[21:08:02] [Worker-Main-4/INFO]: Preparing spawn area: 0%
[21:08:02] [Worker-Main-4/INFO]: Preparing spawn area: 0%
[21:08:03] [Worker-Main-4/INFO]: Preparing spawn area: 0%
[21:08:03] [Worker-Main-4/INFO]: Preparing spawn area: 0%
[21:08:04] [Worker-Main-4/INFO]: Preparing spawn area: 0%
[21:08:04] [Worker-Main-2/INFO]: Preparing spawn area: 0%
[21:08:06] [Worker-Main-7/INFO]: Preparing spawn area: 0%
[21:08:06] [Worker-Main-7/INFO]: Preparing spawn area: 0%
[21:08:06] [Worker-Main-2/INFO]: Preparing spawn area: 0%
[21:08:06] [Worker-Main-5/INFO]: Preparing spawn area: 0%
[21:08:07] [Worker-Main-3/INFO]: Preparing spawn area: 29%
[21:08:07] [Worker-Main-1/INFO]: Preparing spawn area: 51%
[21:08:08] [Worker-Main-1/INFO]: Preparing spawn area: 54%
[21:08:08] [Worker-Main-3/INFO]: Preparing spawn area: 54%
[21:08:09] [Worker-Main-6/INFO]: Preparing spawn area: 68%
[21:08:09] [Worker-Main-4/INFO]: Preparing spawn area: 68%
[21:08:10] [Worker-Main-7/INFO]: Preparing spawn area: 73%
[21:08:10] [Worker-Main-5/INFO]: Preparing spawn area: 75%
[21:08:11] [Worker-Main-1/INFO]: Preparing spawn area: 77%
[21:08:11] [Worker-Main-7/INFO]: Preparing spawn area: 80%
[21:08:12] [Worker-Main-7/INFO]: Preparing spawn area: 83%
[21:08:12] [Worker-Main-2/INFO]: Preparing spawn area: 85%
[21:08:13] [Worker-Main-6/INFO]: Preparing spawn area: 90%
[21:08:13] [Worker-Main-5/INFO]: Preparing spawn area: 93%
[21:08:14] [Worker-Main-5/INFO]: Preparing spawn area: 98%
[21:08:14] [Server thread/INFO]: Time elapsed: 28673 ms
[21:08:14] [Server thread/INFO]: Preparing start region for dimension minecraft:the_nether
[21:08:15] [Worker-Main-6/INFO]: Preparing spawn area: 0%
[21:08:15] [Worker-Main-6/INFO]: Preparing spawn area: 0%
[21:08:15] [Worker-Main-1/INFO]: Preparing spawn area: 0%
[21:08:15] [Worker-Main-3/INFO]: Preparing spawn area: 0%
[21:08:16] [Worker-Main-3/INFO]: Preparing spawn area: 0%
[21:08:16] [Worker-Main-4/INFO]: Preparing spawn area: 0%
[21:08:17] [Worker-Main-7/INFO]: Preparing spawn area: 49%
[21:08:17] [Server thread/INFO]: Time elapsed: 3371 ms
[21:08:17] [Server thread/INFO]: Preparing start region for dimension minecraft:the_end
[21:08:18] [Worker-Main-2/INFO]: Preparing spawn area: 0%
[21:08:18] [Worker-Main-2/INFO]: Preparing spawn area: 0%
[21:08:18] [Worker-Main-6/INFO]: Preparing spawn area: 0%
[21:08:19] [Worker-Main-5/INFO]: Preparing spawn area: 0%
[21:08:19] [Worker-Main-1/INFO]: Preparing spawn area: 36%
[21:08:19] [Server thread/INFO]: Time elapsed: 2299 ms
[21:08:19] [Server thread/INFO]: Server permissions file permissions.yml is empty, ignoring it
[21:08:20] [Server thread/INFO]: Done (38.279s)! For help, type "help"
[21:10:44] [User Authenticator #1/INFO]: UUID of player Steevgr3y is ded4309d-fded-44b2-a023-b74f73e071c2
[21:10:46] [Server thread/INFO]: Steevgr3y joined the game
[21:10:46] [Server thread/INFO]: Steevgr3y[/127.0.0.1:57913] logged in with entity id 2775 at ([world]-78.59144098834622, 142.79725152777365, 732.1820150455108)
[21:10:56] [Server thread/WARN]: Can't keep up! Is the server overloaded? Running 10757ms or 215 ticks behind
[21:11:24] [Server thread/WARN]: Can't keep up! Is the server overloaded? Running 13079ms or 261 ticks behind
[21:11:51] [Server thread/WARN]: Can't keep up! Is the server overloaded? Running 2780ms or 55 ticks behind
[21:12:09] [Server thread/WARN]: Can't keep up! Is the server overloaded? Running 3102ms or 62 ticks behind
[21:12:28] [Server thread/WARN]: Can't keep up! Is the server overloaded? Running 4250ms or 85 ticks behind
[21:13:15] [Server thread/WARN]: Can't keep up! Is the server overloaded? Running 32373ms or 647 ticks behind
[21:13:38] [Server thread/WARN]: Can't keep up! Is the server overloaded? Running 7353ms or 147 ticks behind
[21:14:05] [Server thread/WARN]: Can't keep up! Is the server overloaded? Running 4003ms or 80 ticks behind
[21:14:26] [Server thread/WARN]: Can't keep up! Is the server overloaded? Running 6646ms or 132 ticks behind
[21:14:48] [Server thread/WARN]: Can't keep up! Is the server overloaded? Running 6452ms or 129 ticks behind
[21:15:14] [Server thread/WARN]: Can't keep up! Is the server overloaded? Running 11464ms or 229 ticks behind
[21:15:35] [Server thread/WARN]: Can't keep up! Is the server overloaded? Running 2557ms or 51 ticks behind
[21:15:54] [Server thread/WARN]: Can't keep up! Is the server overloaded? Running 2549ms or 50 ticks behind
[21:16:27] [Server thread/WARN]: Can't keep up! Is the server overloaded? Running 18004ms or 360 ticks behind
[21:16:53] [Server thread/WARN]: Can't keep up! Is the server overloaded? Running 11766ms or 235 ticks behind
[21:18:24] [Server thread/WARN]: Can't keep up! Is the server overloaded? Running 75990ms or 1519 ticks behind
[21:19:32] [Server thread/WARN]: Can't keep up! Is the server overloaded? Running 52371ms or 1047 ticks behind
[21:20:37] [Server thread/WARN]: Can't keep up! Is the server overloaded? Running 50778ms or 1015 ticks behind
[21:21:30] [Server thread/WARN]: Can't keep up! Is the server overloaded? Running 37940ms or 758 ticks behind
[21:22:31] [Server thread/WARN]: Can't keep up! Is the server overloaded? Running 46036ms or 920 ticks behind
[21:23:15] [Server thread/WARN]: Steevgr3y moved too quickly! -1.2380108406005945,0.0,-15.193936182364268
[21:23:46] [Server thread/WARN]: Can't keep up! Is the server overloaded? Running 60039ms or 1200 ticks behind
[21:24:14] [Server thread/WARN]: Can't keep up! Is the server overloaded? Running 12840ms or 256 ticks behind
[21:24:46] [Server thread/WARN]: Can't keep up! Is the server overloaded? Running 17326ms or 346 ticks behind
[21:26:41] [Server thread/WARN]: Can't keep up! Is the server overloaded? Running 100146ms or 2002 ticks behind
[21:27:23] [Server thread/WARN]: Can't keep up! Is the server overloaded? Running 26725ms or 534 ticks behind
[21:28:07] [Server thread/WARN]: Can't keep up! Is the server overloaded? Running 28364ms or 567 ticks behind
[21:29:26] [Server thread/WARN]: Can't keep up! Is the server overloaded? Running 64552ms or 1291 ticks behind
[21:30:15] [Server thread/WARN]: Can't keep up! Is the server overloaded? Running 33615ms or 672 ticks behind
[21:30:40] [Server thread/WARN]: Can't keep up! Is the server overloaded? Running 10788ms or 215 ticks behind
[21:31:15] [Server thread/WARN]: Can't keep up! Is the server overloaded? Running 19777ms or 395 ticks behind
[21:31:37] [Server thread/WARN]: Can't keep up! Is the server overloaded? Running 7213ms or 144 ticks behind
[21:32:07] [Server thread/WARN]: Can't keep up! Is the server overloaded? Running 14375ms or 287 ticks behind
[21:32:35] [Server thread/WARN]: Can't keep up! Is the server overloaded? Running 13282ms or 265 ticks behind
[21:33:16] [Server thread/WARN]: Can't keep up! Is the server overloaded? Running 25807ms or 516 ticks behind
[21:34:09] [Server thread/WARN]: Can't keep up! Is the server overloaded? Running 38242ms or 764 ticks behind
[21:34:43] [Server thread/WARN]: Can't keep up! Is the server overloaded? Running 19016ms or 380 ticks behind
[21:35:26] [Server thread/WARN]: Can't keep up! Is the server overloaded? Running 28159ms or 563 ticks behind
[21:35:59] [Server thread/WARN]: Can't keep up! Is the server overloaded? Running 18082ms or 361 ticks behind
[21:36:34] [Server thread/INFO]: Villager EntityVillager['Villager'/11437, l='ServerLevel[world]', x=341.60, y=63.42, z=243.30] died, message: 'Villager was slain by Zombie'
[21:36:47] [Server thread/WARN]: Can't keep up! Is the server overloaded? Running 32721ms or 654 ticks behind
[21:37:34] [Server thread/WARN]: Can't keep up! Is the server overloaded? Running 31840ms or 636 ticks behind
[21:38:07] [Server thread/WARN]: Can't keep up! Is the server overloaded? Running 18594ms or 371 ticks behind
[21:38:54] [Server thread/WARN]: Can't keep up! Is the server overloaded? Running 31711ms or 634 ticks behind
[21:39:01] [Server thread/WARN]: UUID of added entity already exists: EntityChicken['Chicken'/14129, l='ServerLevel[world]', x=325.31, y=71.00, z=-176.80]
[21:39:50] [Server thread/WARN]: Can't keep up! Is the server overloaded? Running 40892ms or 817 ticks behind
[21:40:36] [Server thread/WARN]: Can't keep up! Is the server overloaded? Running 30825ms or 616 ticks behind
[21:41:20] [Server thread/WARN]: Can't keep up! Is the server overloaded? Running 29146ms or 582 ticks behind
[21:42:03] [Server thread/INFO]: Steevgr3y lost connection: Disconnected
[21:42:03] [Server thread/INFO]: Steevgr3y left the game
[21:42:23] [Server thread/WARN]: Can't keep up! Is the server overloaded? Running 48258ms or 965 ticks behind
[21:48:09] [User Authenticator #2/INFO]: UUID of player Steevgr3y is ded4309d-fded-44b2-a023-b74f73e071c2
[21:48:09] [Server thread/INFO]: Steevgr3y joined the game
[21:48:09] [Server thread/INFO]: Steevgr3y[/127.0.0.1:60511] logged in with entity id 14913 at ([world]268.528229301836, 18.708959547470744, 273.98684500089627)
[21:48:13] [Server thread/WARN]: Can't keep up! Is the server overloaded? Running 2575ms or 51 ticks behind
[21:48:31] [Server thread/INFO]: Steevgr3y lost connection: Disconnected
[21:48:32] [Server thread/INFO]: Steevgr3y left the game
[21:49:51] [User Authenticator #3/INFO]: UUID of player Steevgr3y is ded4309d-fded-44b2-a023-b74f73e071c2
[21:49:51] [Server thread/INFO]: Steevgr3y joined the game
[21:49:51] [Server thread/INFO]: Steevgr3y[/127.0.0.1:60601] logged in with entity id 15329 at ([world]268.528229301836, 18.708959547470744, 273.98684500089627)
[21:50:04] [Server thread/WARN]: Can't keep up! Is the server overloaded? Running 2589ms or 51 ticks behind
[21:50:22] [Server thread/WARN]: Can't keep up! Is the server overloaded? Running 2923ms or 58 ticks behind
[21:50:48] [Server thread/WARN]: Can't keep up! Is the server overloaded? Running 11233ms or 224 ticks behind
[21:51:16] [Server thread/WARN]: Can't keep up! Is the server overloaded? Running 13207ms or 264 ticks behind
[21:51:38] [Server thread/WARN]: Can't keep up! Is the server overloaded? Running 7124ms or 142 ticks behind
[21:52:02] [Server thread/WARN]: Can't keep up! Is the server overloaded? Running 9202ms or 184 ticks behind
[21:52:56] [Server thread/WARN]: Can't keep up! Is the server overloaded? Running 38618ms or 772 ticks behind
[21:54:02] [Server thread/WARN]: Can't keep up! Is the server overloaded? Running 50982ms or 1019 ticks behind
[21:54:52] [Server thread/WARN]: Can't keep up! Is the server overloaded? Running 34735ms or 694 ticks behind
[21:55:45] [Server thread/WARN]: Can't keep up! Is the server overloaded? Running 38504ms or 770 ticks behind
[21:56:45] [Server thread/WARN]: Can't keep up! Is the server overloaded? Running 45023ms or 900 ticks behind
[21:57:20] [Server thread/WARN]: Steevgr3y moved too quickly! -53.52756563918882,0.0,-2.6395642594575577
[21:57:47] [Server thread/WARN]: Can't keep up! Is the server overloaded? Running 46817ms or 936 ticks behind
[21:59:02] [Server thread/WARN]: Can't keep up! Is the server overloaded? Running 59572ms or 1191 ticks behind
[22:00:24] [Netty Server IO #1/INFO]: Environment: Environment[sessionHost=https://sessionserver.mojang.com, servicesHost=https://api.minecraftservices.com, name=PROD]
[22:00:33] [Server thread/WARN]: Can't keep up! Is the server overloaded? Running 76679ms or 1533 ticks behind
[22:01:21] [Server thread/WARN]: Steevgr3y moved too quickly! -9.766602620565749,0.0,-2.696735459971194
[22:02:04] [Server thread/WARN]: Can't keep up! Is the server overloaded? Running 76053ms or 1521 ticks behind
[22:02:44] [Server thread/WARN]: UUID of added entity already exists: EntityVillager['Librarian'/22909, l='ServerLevel[world]', x=208.32, y=69.00, z=-273.00]
[22:02:45] [Server thread/WARN]: UUID of added entity already exists: EntityVillager['Librarian'/22919, l='ServerLevel[world]', x=212.89, y=69.00, z=-290.86]
[22:02:45] [Server thread/WARN]: UUID of added entity already exists: EntityVillager['Fletcher'/22921, l='ServerLevel[world]', x=210.79, y=69.00, z=-290.64]
[22:03:31] [Server thread/WARN]: Can't keep up! Is the server overloaded? Running 71776ms or 1435 ticks behind
[22:04:43] [Server thread/WARN]: Can't keep up! Is the server overloaded? Running 57272ms or 1145 ticks behind
[22:05:59] [Server thread/WARN]: Can't keep up! Is the server overloaded? Running 61174ms or 1223 ticks behind
[22:06:58] [Server thread/WARN]: Can't keep up! Is the server overloaded? Running 43705ms or 874 ticks behind
[22:07:09] [Server thread/WARN]: UUID of added entity already exists: EntityPig['Pig'/23674, l='ServerLevel[world]', x=-309.23, y=77.00, z=-219.54]
[22:08:00] [Server thread/WARN]: Can't keep up! Is the server overloaded? Running 47032ms or 940 ticks behind
[22:08:15] [Server thread/WARN]: UUID of added entity already exists: EntityPig['Pig'/23889, l='ServerLevel[world]', x=-368.80, y=74.00, z=-426.45]
[22:08:36] [Server thread/WARN]: UUID of added entity already exists: EntityPig['Pig'/23977, l='ServerLevel[world]', x=-357.17, y=72.00, z=-436.77]
[22:08:36] [Server thread/WARN]: UUID of added entity already exists: EntityPig['Pig'/23979, l='ServerLevel[world]', x=-353.55, y=73.00, z=-442.55]
[22:08:46] [Server thread/WARN]: UUID of added entity already exists: EntityPig['Pig'/24028, l='ServerLevel[world]', x=-340.26, y=76.00, z=-437.42]
[22:08:59] [Server thread/WARN]: UUID of added entity already exists: EntityPig['Pig'/24032, l='ServerLevel[world]', x=-432.28, y=64.00, z=-461.48]
[22:09:28] [Server thread/WARN]: Can't keep up! Is the server overloaded? Running 72561ms or 1451 ticks behind
[22:09:54] [Server thread/WARN]: UUID of added entity already exists: EntitySheep['Sheep'/24196, l='ServerLevel[world]', x=-465.54, y=63.00, z=-342.78]
[22:10:18] [Server thread/WARN]: UUID of added entity already exists: EntityPig['Pig'/24292, l='ServerLevel[world]', x=-418.67, y=89.00, z=-509.46]
[22:10:25] [Server thread/WARN]: UUID of added entity already exists: EntityPig['Pig'/24310, l='ServerLevel[world]', x=-398.47, y=81.00, z=-503.25]
[22:10:30] [Server thread/WARN]: Can't keep up! Is the server overloaded? Running 47443ms or 948 ticks behind
[22:11:24] [Server thread/WARN]: UUID of added entity already exists: EntityPig['Pig'/24506, l='ServerLevel[world]', x=-430.49, y=84.00, z=-536.33]
[22:11:35] [Server thread/WARN]: Can't keep up! Is the server overloaded? Running 49882ms or 997 ticks behind
[22:11:38] [Server thread/WARN]: UUID of added entity already exists: EntityChicken['Chicken'/24527, l='ServerLevel[world]', x=-536.86, y=78.00, z=-138.63]
[22:11:38] [Server thread/WARN]: UUID of added entity already exists: EntityCow['Cow'/24531, l='ServerLevel[world]', x=-543.24, y=76.00, z=-143.45]
[22:12:33] [Server thread/WARN]: Can't keep up! Is the server overloaded? Running 42930ms or 858 ticks behind
[22:13:25] [Server thread/WARN]: UUID of added entity already exists: EntityPig['Pig'/24935, l='ServerLevel[world]', x=-585.33, y=94.00, z=-77.68]
[22:13:26] [Server thread/WARN]: Can't keep up! Is the server overloaded? Running 38483ms or 769 ticks behind
[22:13:37] [Server thread/WARN]: UUID of added entity already exists: EntityPig['Pig'/24954, l='ServerLevel[world]', x=-576.26, y=64.00, z=-560.16]
[22:14:03] [Server thread/WARN]: UUID of added entity already exists: EntityRabbit['Rabbit'/25098, l='ServerLevel[world]', x=-599.51, y=66.00, z=-150.03]
[22:14:22] [Server thread/WARN]: Can't keep up! Is the server overloaded? Running 40847ms or 816 ticks behind
[22:15:03] [Server thread/WARN]: UUID of added entity already exists: EntityPig['Pig'/25227, l='ServerLevel[world]', x=115.72, y=70.00, z=-631.87]
[22:15:11] [Server thread/WARN]: Can't keep up! Is the server overloaded? Running 33970ms or 679 ticks behind
[22:15:42] [Server thread/WARN]: UUID of added entity already exists: EntityPig['Pig'/25268, l='ServerLevel[world]', x=-624.49, y=67.00, z=-134.32]
[22:15:51] [Server thread/WARN]: UUID of added entity already exists: EntityPig['Pig'/25273, l='ServerLevel[world]', x=-628.83, y=68.00, z=-300.04]
[22:16:14] [Server thread/WARN]: Can't keep up! Is the server overloaded? Running 48029ms or 960 ticks behind
[22:16:31] [Server thread/WARN]: UUID of added entity already exists: EntityPig['Pig'/25344, l='ServerLevel[world]', x=-642.57, y=71.00, z=-200.71]
[22:17:03] [Server thread/WARN]: UUID of added entity already exists: EntityPig['Pig'/25467, l='ServerLevel[world]', x=-671.82, y=70.00, z=-200.54]
[22:17:09] [Server thread/WARN]: Can't keep up! Is the server overloaded? Running 39841ms or 796 ticks behind
[22:17:09] [Server thread/WARN]: UUID of added entity already exists: EntityPig['Pig'/25474, l='ServerLevel[world]', x=-663.81, y=64.00, z=-334.30]
[22:17:14] [Server thread/WARN]: UUID of added entity already exists: EntityChicken['Chicken'/25486, l='ServerLevel[world]', x=-656.74, y=69.00, z=-282.92]
[22:17:31] [Server thread/WARN]: UUID of added entity already exists: EntitySheep['Sheep'/25534, l='ServerLevel[world]', x=59.89, y=64.00, z=-674.98]
[22:17:55] [Server thread/WARN]: Can't keep up! Is the server overloaded? Running 31680ms or 633 ticks behind
[22:18:57] [Server thread/WARN]: Can't keep up! Is the server overloaded? Running 47104ms or 942 ticks behind
[22:19:17] [Server thread/WARN]: UUID of added entity already exists: EntitySheep['Sheep'/25706, l='ServerLevel[world]', x=24.73, y=66.00, z=-717.51]
[22:19:17] [Server thread/WARN]: UUID of added entity already exists: EntitySheep['Sheep'/25709, l='ServerLevel[world]', x=9.78, y=71.00, z=-716.65]
[22:20:15] [Server thread/WARN]: Can't keep up! Is the server overloaded? Running 62605ms or 1252 ticks behind
[22:21:50] [Server thread/WARN]: Can't keep up! Is the server overloaded? Running 79569ms or 1591 ticks behind
[22:23:14] [Server thread/WARN]: Can't keep up! Is the server overloaded? Running 69781ms or 1395 ticks behind
[22:23:27] [Server thread/WARN]: UUID of added entity already exists: EntityChicken['Chicken'/26368, l='ServerLevel[world]', x=-741.59, y=70.00, z=-127.85]
[22:24:30] [Server thread/INFO]: Steevgr3y lost connection: Disconnected
[22:24:30] [Server thread/INFO]: Steevgr3y left the game
[22:25:04] [Server thread/WARN]: Can't keep up! Is the server overloaded? Running 95015ms or 1900 ticks behind
